#
# There is insufficient memory for the Java Runtime Environment to continue.
# Native memory allocation (malloc) failed to allocate 2199536 bytes for Chunk::new
# Possible reasons:
#   The system is out of physical RAM or swap space
#   The process is running with CompressedOops enabled, and the Java Heap may be blocking the growth of the native heap
# Possible solutions:
#   Reduce memory load on the system
#   Increase physical memory or swap space
#   Check if swap backing store is full
#   Decrease Java heap size (-Xmx/-Xms)
#   Decrease number of Java threads
#   Decrease Java thread stack sizes (-Xss)
#   Set larger code cache with -XX:ReservedCodeCacheSize=
#   JVM is running with Unscaled Compressed Oops mode in which the Java heap is
#     placed in the first 4GB address space. The Java Heap base address is the
#     maximum limit for the native heap growth. Please use -XX:HeapBaseMinAddress
#     to set the Java Heap base and to place the Java Heap above 4GB virtual address.
# This output file may be truncated or incomplete.
#
#  Out of Memory Error (allocation.cpp:389), pid=8560, tid=0x0000000000004424
#
# JRE version: OpenJDK Runtime Environment (8.0_242-b01) (build 1.8.0_242-release-1644-b01)
# Java VM: OpenJDK 64-Bit Server VM (25.242-b01 mixed mode windows-amd64 compressed oops)
# Failed to write core dump. Minidumps are not enabled by default on client versions of Windows
#

---------------  T H R E A D  ---------------

Current thread (0x00000000150c8800):  JavaThread "C2 CompilerThread1" daemon [_thread_in_native, id=17444, stack(0x00000000154c0000,0x00000000155c0000)]

Stack: [0x00000000154c0000,0x00000000155c0000]
[error occurred during error reporting (printing stack bounds), id 0xc0000005]

Native frames: (J=compiled Java code, j=interpreted, Vv=VM code, C=native code)


Current CompileTask:
C2:   9815 1573   !   4       java.net.URLClassLoader$1::run (63 bytes)


---------------  P R O C E S S  ---------------

Java Threads: ( => current thread )
  0x0000000016411000 JavaThread "Cache worker for checksums cache (E:\Apps\CodeCanyon\IslamicUtilities\MainFiles\muslimorganizer\.gradle\checksums)" [_thread_blocked, id=564, stack(0x000000001ba80000,0x000000001bb80000)]
  0x000000001640a800 JavaThread "Cache worker for file hash cache (C:\Users\RAZA SAEED\.gradle\caches\6.1.1\fileHashes)" [_thread_blocked, id=8200, stack(0x00000000196e0000,0x00000000197e0000)]
  0x000000001640d000 JavaThread "File lock request listener" [_thread_in_native, id=18792, stack(0x00000000195e0000,0x00000000196e0000)]
  0x0000000015926800 JavaThread "Cache worker for journal cache (C:\Users\RAZA SAEED\.gradle\caches\journal-1)" [_thread_blocked, id=7616, stack(0x00000000194e0000,0x00000000195e0000)]
  0x0000000016775800 JavaThread "Thread-9" [_thread_blocked, id=2964, stack(0x00000000191e0000,0x00000000192e0000)]
  0x0000000016775000 JavaThread "Stdin handler" [_thread_blocked, id=6440, stack(0x00000000190e0000,0x00000000191e0000)]
  0x000000001677c800 JavaThread "Asynchronous log dispatcher for DefaultDaemonConnection: socket connection from /127.0.0.1:51904 to /127.0.0.1:51905" [_thread_blocked, id=20888, stack(0x0000000018fe0000,0x00000000190e0000)]
  0x000000001677b800 JavaThread "Daemon worker" [_thread_in_native, id=8428, stack(0x0000000018ee0000,0x0000000018fe0000)]
  0x0000000016766800 JavaThread "Cancel handler" [_thread_blocked, id=1040, stack(0x0000000018de0000,0x0000000018ee0000)]
  0x0000000016760800 JavaThread "Handler for socket connection from /127.0.0.1:51904 to /127.0.0.1:51905" [_thread_in_native, id=10696, stack(0x0000000018ae0000,0x0000000018be0000)]
  0x000000001675f000 JavaThread "Daemon" [_thread_blocked, id=21708, stack(0x00000000189e0000,0x0000000018ae0000)]
  0x0000000016b23800 JavaThread "Daemon periodic checks" [_thread_blocked, id=12076, stack(0x00000000188e0000,0x00000000189e0000)]
  0x00000000166dd000 JavaThread "Incoming local TCP Connector on port 51904" [_thread_in_native, id=16392, stack(0x00000000186a0000,0x00000000187a0000)]
  0x0000000016f6f800 JavaThread "Daemon health stats" [_thread_blocked, id=5408, stack(0x0000000018060000,0x0000000018160000)]
  0x00000000150cc000 JavaThread "Service Thread" daemon [_thread_blocked, id=8044, stack(0x00000000156c0000,0x00000000157c0000)]
  0x00000000150c9800 JavaThread "C1 CompilerThread2" daemon [_thread_blocked, id=20588, stack(0x00000000155c0000,0x00000000156c0000)]
=>0x00000000150c8800 JavaThread "C2 CompilerThread1" daemon [_thread_in_native, id=17444, stack(0x00000000154c0000,0x00000000155c0000)]
  0x0000000013966800 JavaThread "C2 CompilerThread0" daemon [_thread_blocked, id=16612, stack(0x0000000014fc0000,0x00000000150c0000)]
  0x0000000013962800 JavaThread "Attach Listener" daemon [_thread_blocked, id=8096, stack(0x0000000014ec0000,0x0000000014fc0000)]
  0x0000000013961000 JavaThread "Signal Dispatcher" daemon [_thread_blocked, id=15416, stack(0x0000000014dc0000,0x0000000014ec0000)]
  0x000000000253b000 JavaThread "Finalizer" daemon [_thread_blocked, id=17280, stack(0x0000000014bc0000,0x0000000014cc0000)]
  0x0000000013949000 JavaThread "Reference Handler" daemon [_thread_blocked, id=11496, stack(0x0000000014ac0000,0x0000000014bc0000)]
  0x000000000072e800 JavaThread "main" [_thread_blocked, id=21368, stack(0x00000000022b0000,0x00000000023b0000)]

Other Threads:
  0x0000000013927800 VMThread [stack: 0x00000000149c0000,0x0000000014ac0000] [id=3812]
  0x00000000150cd000 WatcherThread [stack: 0x00000000157c0000,0x00000000158c0000] [id=20640]

VM state:not at safepoint (normal execution)

VM Mutex/Monitor currently owned by a thread: None

heap address: 0x00000000e0000000, size: 512 MB, Compressed Oops mode: 32-bit
Narrow klass base: 0x0000000000000000, Narrow klass shift: 3
Compressed class space size: 1073741824 Address: 0x0000000100000000

Heap:
 PSYoungGen      total 76288K, used 52286K [0x00000000f5580000, 0x00000000faa80000, 0x0000000100000000)
  eden space 65536K, 65% used [0x00000000f5580000,0x00000000f7f8a7b8,0x00000000f9580000)
  from space 10752K, 85% used [0x00000000fa000000,0x00000000fa9051a8,0x00000000faa80000)
  to   space 10752K, 0% used [0x00000000f9580000,0x00000000f9580000,0x00000000fa000000)
 ParOldGen       total 175104K, used 24K [0x00000000e0000000, 0x00000000eab00000, 0x00000000f5580000)
  object space 175104K, 0% used [0x00000000e0000000,0x00000000e0006000,0x00000000eab00000)
 Metaspace       used 18200K, capacity 18714K, committed 18816K, reserved 1064960K
  class space    used 2495K, capacity 2667K, committed 2688K, reserved 1048576K

Card table byte_map: [0x0000000011900000,0x0000000011a10000] byte_map_base: 0x0000000011200000

Marking Bits: (ParMarkBitMap*) 0x0000000066e3f030
 Begin Bits: [0x0000000011ec0000, 0x00000000126c0000)
 End Bits:   [0x00000000126c0000, 0x0000000012ec0000)

Polling page: 0x0000000000ac0000

CodeCache: size=245760Kb used=6066Kb max_used=6082Kb free=239693Kb
 bounds [0x0000000002540000, 0x0000000002b40000, 0x0000000011540000]
 total_blobs=2093 nmethods=1683 adapters=323
 compilation: enabled

Compilation events (10 events):
Event: 8.819 Thread 0x00000000150c9800 1651       2       java.util.LinkedHashMap$LinkedKeyIterator::next (8 bytes)
Event: 8.819 Thread 0x00000000150c9800 nmethod 1651 0x0000000002ae5490 code [0x0000000002ae5600, 0x0000000002ae5788]
Event: 8.820 Thread 0x00000000150c9800 1652       3       sun.misc.ProxyGenerator::dotToSlash (9 bytes)
Event: 8.820 Thread 0x00000000150c9800 nmethod 1652 0x0000000002ae5850 code [0x0000000002ae59c0, 0x0000000002ae5bc8]
Event: 8.820 Thread 0x00000000150c9800 1653       3       sun.misc.ProxyGenerator$ConstantPool$ValueEntry::write (190 bytes)
Event: 8.822 Thread 0x00000000150c9800 nmethod 1653 0x0000000002ae5c90 code [0x0000000002ae6080, 0x0000000002ae8b28]
Event: 8.822 Thread 0x00000000150c9800 1654       3       sun.misc.ProxyGenerator$ConstantPool$IndirectEntry::write (61 bytes)
Event: 8.823 Thread 0x00000000150c9800 nmethod 1654 0x0000000002ae9810 code [0x0000000002ae9a00, 0x0000000002aea508]
Event: 8.848 Thread 0x00000000150c9800 1655       3       sun.misc.ProxyGenerator::codeLocalLoadStore (90 bytes)
Event: 8.849 Thread 0x00000000150c9800 nmethod 1655 0x0000000002aea8d0 code [0x0000000002aeab20, 0x0000000002aebc48]

GC Heap History (4 events):
Event: 4.160 GC heap before
{Heap before GC invocations=1 (full 0):
 PSYoungGen      total 76288K, used 65536K [0x00000000f5580000, 0x00000000faa80000, 0x0000000100000000)
  eden space 65536K, 100% used [0x00000000f5580000,0x00000000f9580000,0x00000000f9580000)
  from space 10752K, 0% used [0x00000000fa000000,0x00000000fa000000,0x00000000faa80000)
  to   space 10752K, 0% used [0x00000000f9580000,0x00000000f9580000,0x00000000fa000000)
 ParOldGen       total 175104K, used 0K [0x00000000e0000000, 0x00000000eab00000, 0x00000000f5580000)
  object space 175104K, 0% used [0x00000000e0000000,0x00000000e0000000,0x00000000eab00000)
 Metaspace       used 7376K, capacity 7568K, committed 7680K, reserved 1056768K
  class space    used 892K, capacity 968K, committed 1024K, reserved 1048576K
Event: 4.181 GC heap after
Heap after GC invocations=1 (full 0):
 PSYoungGen      total 76288K, used 5435K [0x00000000f5580000, 0x00000000faa80000, 0x0000000100000000)
  eden space 65536K, 0% used [0x00000000f5580000,0x00000000f5580000,0x00000000f9580000)
  from space 10752K, 50% used [0x00000000f9580000,0x00000000f9aceee0,0x00000000fa000000)
  to   space 10752K, 0% used [0x00000000fa000000,0x00000000fa000000,0x00000000faa80000)
 ParOldGen       total 175104K, used 8K [0x00000000e0000000, 0x00000000eab00000, 0x00000000f5580000)
  object space 175104K, 0% used [0x00000000e0000000,0x00000000e0002000,0x00000000eab00000)
 Metaspace       used 7376K, capacity 7568K, committed 7680K, reserved 1056768K
  class space    used 892K, capacity 968K, committed 1024K, reserved 1048576K
}
Event: 8.160 GC heap before
{Heap before GC invocations=2 (full 0):
 PSYoungGen      total 76288K, used 70780K [0x00000000f5580000, 0x00000000faa80000, 0x0000000100000000)
  eden space 65536K, 99% used [0x00000000f5580000,0x00000000f9550390,0x00000000f9580000)
  from space 10752K, 50% used [0x00000000f9580000,0x00000000f9aceee0,0x00000000fa000000)
  to   space 10752K, 0% used [0x00000000fa000000,0x00000000fa000000,0x00000000faa80000)
 ParOldGen       total 175104K, used 8K [0x00000000e0000000, 0x00000000eab00000, 0x00000000f5580000)
  object space 175104K, 0% used [0x00000000e0000000,0x00000000e0002000,0x00000000eab00000)
 Metaspace       used 14187K, capacity 14598K, committed 14976K, reserved 1062912K
  class space    used 1936K, capacity 2089K, committed 2176K, reserved 1048576K
Event: 8.178 GC heap after
Heap after GC invocations=2 (full 0):
 PSYoungGen      total 76288K, used 9236K [0x00000000f5580000, 0x00000000faa80000, 0x0000000100000000)
  eden space 65536K, 0% used [0x00000000f5580000,0x00000000f5580000,0x00000000f9580000)
  from space 10752K, 85% used [0x00000000fa000000,0x00000000fa9051a8,0x00000000faa80000)
  to   space 10752K, 0% used [0x00000000f9580000,0x00000000f9580000,0x00000000fa000000)
 ParOldGen       total 175104K, used 24K [0x00000000e0000000, 0x00000000eab00000, 0x00000000f5580000)
  object space 175104K, 0% used [0x00000000e0000000,0x00000000e0006000,0x00000000eab00000)
 Metaspace       used 14187K, capacity 14598K, committed 14976K, reserved 1062912K
  class space    used 1936K, capacity 2089K, committed 2176K, reserved 1048576K
}

Deoptimization events (10 events):
Event: 7.540 Thread 0x000000001677b800 Uncommon trap: reason=bimorphic action=maybe_recompile pc=0x00000000028632a4 method=java.util.HashMap.putVal(ILjava/lang/Object;Ljava/lang/Object;ZZ)Ljava/lang/Object; @ 253
Event: 8.106 Thread 0x000000001677b800 Uncommon trap: reason=class_check action=maybe_recompile pc=0x00000000028b8358 method=java.util.regex.Matcher.match(II)Z @ 86
Event: 8.106 Thread 0x000000001677b800 Uncommon trap: reason=class_check action=maybe_recompile pc=0x00000000028b8358 method=java.util.regex.Matcher.match(II)Z @ 86
Event: 8.107 Thread 0x000000001677b800 Uncommon trap: reason=class_check action=maybe_recompile pc=0x00000000028b8358 method=java.util.regex.Matcher.match(II)Z @ 86
Event: 8.107 Thread 0x000000001677b800 Uncommon trap: reason=class_check action=maybe_recompile pc=0x000000000271491c method=java.util.regex.Matcher.match(II)Z @ 86
Event: 8.150 Thread 0x000000001677b800 Uncommon trap: reason=bimorphic action=maybe_recompile pc=0x0000000002a9bbcc method=java.util.regex.Matcher.match(II)Z @ 86
Event: 8.150 Thread 0x000000001677b800 Uncommon trap: reason=bimorphic action=maybe_recompile pc=0x0000000002a9bbcc method=java.util.regex.Matcher.match(II)Z @ 86
Event: 8.153 Thread 0x000000001677b800 Uncommon trap: reason=bimorphic action=maybe_recompile pc=0x0000000002a9bbcc method=java.util.regex.Matcher.match(II)Z @ 86
Event: 8.153 Thread 0x000000001677b800 Uncommon trap: reason=bimorphic action=maybe_recompile pc=0x0000000002a9bbcc method=java.util.regex.Matcher.match(II)Z @ 86
Event: 8.505 Thread 0x000000001677b800 Uncommon trap: reason=unstable_if action=reinterpret pc=0x00000000028b735c method=java.io.File.getName()Ljava/lang/String; @ 16

Classes redefined (0 events):
No events

Internal exceptions (10 events):
Event: 7.088 Thread 0x0000000016760800 Exception <a 'java/lang/NoSuchMethodError': <clinit>> (0x00000000f788b0c8) thrown at [C:\src\AOSP-openjdk-git\hotspot\src\share\vm\prims\jni.cpp, line 1615]
Event: 7.093 Thread 0x0000000016760800 Exception <a 'java/lang/NoSuchMethodError': <clinit>> (0x00000000f78a2d78) thrown at [C:\src\AOSP-openjdk-git\hotspot\src\share\vm\prims\jni.cpp, line 1615]
Event: 7.094 Thread 0x0000000016760800 Exception <a 'java/lang/NoSuchMethodError': <clinit>> (0x00000000f78ab918) thrown at [C:\src\AOSP-openjdk-git\hotspot\src\share\vm\prims\jni.cpp, line 1615]
Event: 7.101 Thread 0x0000000016760800 Exception <a 'java/lang/NoSuchMethodError': <clinit>> (0x00000000f78c1d90) thrown at [C:\src\AOSP-openjdk-git\hotspot\src\share\vm\prims\jni.cpp, line 1615]
Event: 7.227 Thread 0x0000000016760800 Exception <a 'java/lang/NoSuchMethodError': <clinit>> (0x00000000f79283c0) thrown at [C:\src\AOSP-openjdk-git\hotspot\src\share\vm\prims\jni.cpp, line 1615]
Event: 7.268 Thread 0x0000000016760800 Exception <a 'java/lang/NoSuchMethodError': <clinit>> (0x00000000f7954b28) thrown at [C:\src\AOSP-openjdk-git\hotspot\src\share\vm\prims\jni.cpp, line 1615]
Event: 7.322 Thread 0x0000000016760800 Exception <a 'java/lang/NoSuchMethodError': <clinit>> (0x00000000f7971640) thrown at [C:\src\AOSP-openjdk-git\hotspot\src\share\vm\prims\jni.cpp, line 1615]
Event: 8.639 Thread 0x000000001677b800 Exception <a 'java/lang/NoSuchMethodError': java.lang.Object.lambda$and$0(Ljava/util/function/Predicate;Ljava/lang/Object;)Z> (0x00000000f6d76db0) thrown at [C:\src\AOSP-openjdk-git\hotspot\src\share\vm\interpreter\linkResolver.cpp, line 620]
Event: 8.650 Thread 0x000000001677b800 Exception <a 'java/lang/IncompatibleClassChangeError': Found class java.lang.Object, but interface was expected> (0x00000000f6d875a0) thrown at [C:\src\AOSP-openjdk-git\hotspot\src\share\vm\interpreter\linkResolver.cpp, line 653]
Event: 8.653 Thread 0x000000001677b800 Exception <a 'java/lang/NoSuchMethodError': java.lang.Object.lambda$or$2(Ljava/util/function/Predicate;Ljava/lang/Object;)Z> (0x00000000f6d8c4c0) thrown at [C:\src\AOSP-openjdk-git\hotspot\src\share\vm\interpreter\linkResolver.cpp, line 620]

Events (10 events):
Event: 8.965 loading class org/gradle/internal/reflect/PropertyAccessorType done
Event: 8.998 loading class org/gradle/internal/reflect/PropertyAccessorType$1
Event: 8.998 loading class org/gradle/internal/reflect/PropertyAccessorType$1 done
Event: 8.999 loading class org/gradle/internal/reflect/PropertyAccessorType$2
Event: 8.999 loading class org/gradle/internal/reflect/PropertyAccessorType$2 done
Event: 8.999 loading class org/gradle/internal/reflect/PropertyAccessorType$3
Event: 8.999 loading class org/gradle/internal/reflect/PropertyAccessorType$3 done
Event: 9.000 loading class org/gradle/internal/reflect/MethodSet$MethodKey
Event: 9.000 loading class org/gradle/internal/reflect/MethodSet$MethodKey done
Event: 9.006 loading class java/beans/Introspector


Dynamic libraries:
0x00007ff651500000 - 0x00007ff651531000 	C:\Program Files\Android\Android Studio\jre\bin\java.exe
0x00007ffbfe530000 - 0x00007ffbfe725000 	C:\WINDOWS\SYSTEM32\ntdll.dll
0x00007ffbfe050000 - 0x00007ffbfe10d000 	C:\WINDOWS\System32\KERNEL32.DLL
0x00007ffbfbeb0000 - 0x00007ffbfc178000 	C:\WINDOWS\System32\KERNELBASE.dll
0x00007ffbfcc00000 - 0x00007ffbfccac000 	C:\WINDOWS\System32\ADVAPI32.dll
0x00007ffbfd230000 - 0x00007ffbfd2ce000 	C:\WINDOWS\System32\msvcrt.dll
0x00007ffbfc650000 - 0x00007ffbfc6eb000 	C:\WINDOWS\System32\sechost.dll
0x00007ffbfc8d0000 - 0x00007ffbfc9fb000 	C:\WINDOWS\System32\RPCRT4.dll
0x00007ffbfd630000 - 0x00007ffbfd7d0000 	C:\WINDOWS\System32\USER32.dll
0x00007ffbfc2b0000 - 0x00007ffbfc2d2000 	C:\WINDOWS\System32\win32u.dll
0x00007ffbfd3f0000 - 0x00007ffbfd41a000 	C:\WINDOWS\System32\GDI32.dll
0x00007ffbfc3e0000 - 0x00007ffbfc4eb000 	C:\WINDOWS\System32\gdi32full.dll
0x00007ffbfc4f0000 - 0x00007ffbfc58d000 	C:\WINDOWS\System32\msvcp_win.dll
0x00007ffbfc1b0000 - 0x00007ffbfc2b0000 	C:\WINDOWS\System32\ucrtbase.dll
0x00007ffbeb030000 - 0x00007ffbeb2ca000 	C:\WINDOWS\WinSxS\amd64_microsoft.windows.common-controls_6595b64144ccf1df_6.0.19041.844_none_ca00b6081b84eb1d\COMCTL32.dll
0x00007ffbfc8a0000 - 0x00007ffbfc8d0000 	C:\WINDOWS\System32\IMM32.DLL
0x0000000066590000 - 0x0000000066662000 	C:\Program Files\Android\Android Studio\jre\jre\bin\msvcr100.dll
0x0000000066670000 - 0x0000000066ebb000 	C:\Program Files\Android\Android Studio\jre\jre\bin\server\jvm.dll
0x00007ffbfe180000 - 0x00007ffbfe188000 	C:\WINDOWS\System32\PSAPI.DLL
0x00007ffbf7980000 - 0x00007ffbf7989000 	C:\WINDOWS\SYSTEM32\WSOCK32.dll
0x00007ffbfe110000 - 0x00007ffbfe17b000 	C:\WINDOWS\System32\WS2_32.dll
0x00007ffbebb50000 - 0x00007ffbebb77000 	C:\WINDOWS\SYSTEM32\WINMM.dll
0x00007ffbea8a0000 - 0x00007ffbea8aa000 	C:\WINDOWS\SYSTEM32\VERSION.dll
0x00007ffbf7960000 - 0x00007ffbf796f000 	C:\Program Files\Android\Android Studio\jre\jre\bin\verify.dll
0x00007ffbf47b0000 - 0x00007ffbf47d9000 	C:\Program Files\Android\Android Studio\jre\jre\bin\java.dll
0x00007ffbf7900000 - 0x00007ffbf7916000 	C:\Program Files\Android\Android Studio\jre\jre\bin\zip.dll
0x00007ffbfd900000 - 0x00007ffbfe042000 	C:\WINDOWS\System32\SHELL32.dll
0x00007ffbf9dc0000 - 0x00007ffbfa550000 	C:\WINDOWS\SYSTEM32\windows.storage.dll
0x00007ffbfe190000 - 0x00007ffbfe4e5000 	C:\WINDOWS\System32\combase.dll
0x00007ffbfb6e0000 - 0x00007ffbfb70c000 	C:\WINDOWS\SYSTEM32\Wldp.dll
0x00007ffbfccb0000 - 0x00007ffbfcd5e000 	C:\WINDOWS\System32\SHCORE.dll
0x00007ffbfcb80000 - 0x00007ffbfcbd5000 	C:\WINDOWS\System32\shlwapi.dll
0x00007ffbfbbb0000 - 0x00007ffbfbbcf000 	C:\WINDOWS\SYSTEM32\profapi.dll
0x00007ffbf7700000 - 0x00007ffbf771a000 	C:\Program Files\Android\Android Studio\jre\jre\bin\net.dll
0x00007ffbfb450000 - 0x00007ffbfb4ba000 	C:\WINDOWS\system32\mswsock.dll
0x00007ffbf48a0000 - 0x00007ffbf48b3000 	C:\Program Files\Android\Android Studio\jre\jre\bin\nio.dll
0x00007ffbeec80000 - 0x00007ffbeeca6000 	C:\Users\RAZA SAEED\.gradle\native\31\windows-amd64\native-platform.dll
0x00007ffbf6960000 - 0x00007ffbf696d000 	C:\Program Files\Android\Android Studio\jre\jre\bin\management.dll
0x00007ffbfb630000 - 0x00007ffbfb648000 	C:\WINDOWS\SYSTEM32\CRYPTSP.dll
0x00007ffbfad80000 - 0x00007ffbfadb4000 	C:\WINDOWS\system32\rsaenh.dll
0x00007ffbfc180000 - 0x00007ffbfc1a7000 	C:\WINDOWS\System32\bcrypt.dll
0x00007ffbfbb70000 - 0x00007ffbfbb9e000 	C:\WINDOWS\SYSTEM32\USERENV.dll
0x00007ffbfbdd0000 - 0x00007ffbfbe50000 	C:\WINDOWS\System32\bcryptprimitives.dll
0x00007ffbfb620000 - 0x00007ffbfb62c000 	C:\WINDOWS\SYSTEM32\CRYPTBASE.dll
0x00007ffbfb0f0000 - 0x00007ffbfb12b000 	C:\WINDOWS\SYSTEM32\IPHLPAPI.DLL
0x00007ffbfc590000 - 0x00007ffbfc598000 	C:\WINDOWS\System32\NSI.dll
0x00007ffbee280000 - 0x00007ffbee297000 	C:\WINDOWS\SYSTEM32\dhcpcsvc6.DLL
0x00007ffbf0de0000 - 0x00007ffbf0dfd000 	C:\WINDOWS\SYSTEM32\dhcpcsvc.DLL
0x00007ffbfb140000 - 0x00007ffbfb20c000 	C:\WINDOWS\SYSTEM32\DNSAPI.dll

VM Arguments:
jvm_args: -XX:MaxMetaspaceSize=256m -XX:+HeapDumpOnOutOfMemoryError -Xms256m -Xmx512m -Dfile.encoding=windows-1252 -Duser.country=US -Duser.language=en -Duser.variant 
java_command: org.gradle.launcher.daemon.bootstrap.GradleDaemon 6.1.1
java_class_path (initial): C:\Users\RAZA SAEED\.gradle\wrapper\dists\gradle-6.1.1-all\cfmwm155h49vnt3hynmlrsdst\gradle-6.1.1\lib\gradle-launcher-6.1.1.jar
Launcher Type: SUN_STANDARD

Environment Variables:
CLASSPATH=.;C:\Program Files (x86)\QuickTime\QTSystem\QTJava.zip
PATH=C:\Program Files (x86)\Common Files\Intel\Shared Libraries\redist\intel64\compiler;C:\ProgramData\Oracle\Java\javapath;C:\WINDOWS\system32;C:\WINDOWS;C:\WINDOWS\System32\Wbem;C:\WINDOWS\System32\WindowsPowerShell\v1.0\;C:\WINDOWS\System32\OpenSSH\;C:\Program Files (x86)\QuickTime\QTSystem\;C:\Program Files\Git\cmd;C:\Program Files (x86)\Microsoft SQL Server\100\Tools\Binn\;C:\Program Files (x86)\Microsoft SQL Server\100\DTS\Binn\;C:\Program Files (x86)\Microsoft SQL Server\100\Tools\Binn\VSShell\Common7\IDE\;C:\Program Files\Git LFS;C:\Users\RAZA SAEED\AppData\Local\Microsoft\WindowsApps;F:\flutter\bin;;C:\Users\RAZA SAEED\AppData\Local\Programs\Microsoft VS Code\bin
USERNAME=RAZA SAEED
OS=Windows_NT
PROCESSOR_IDENTIFIER=Intel64 Family 6 Model 69 Stepping 1, GenuineIntel



---------------  S Y S T E M  ---------------

OS: Windows 10.0 , 64 bit Build 19041 (10.0.19041.928)

CPU:total 4 (initial active 4) (2 cores per cpu, 2 threads per core) family 6 model 69 stepping 1, cmov, cx8, fxsr, mmx, sse, sse2, sse3, ssse3, sse4.1, sse4.2, popcnt, avx, avx2, aes, clmul, erms, lzcnt, ht, tsc, tscinvbit, bmi1, bmi2

Memory: 4k page, physical 8068924k(467236k free), swap 23562296k(4696k free)

vm_info: OpenJDK 64-Bit Server VM (25.242-b01) for windows-amd64 JRE (1.8.0_242-release-1644-b01), built by "builder" with MS VC++ 10.0 (VS2010)

time: Fri Jun 18 20:13:03 2021
timezone: Pakistan Standard Time
elapsed time: 10 seconds (0d 0h 0m 10s)

